<?xml version="1.0" encoding="UTF-8"?>
<!-- Generated by org.testng.reporters.JUnitReportReporter -->
<testsuite skipped="0" hostname="LM-MAA-22004648" name="RestAssured.Post_Message_Slack" tests="1" failures="0" timestamp="29 Jul 2018 17:01:11 GMT" time="2.353" errors="0">
  <testcase name="sendMessage" time="2.353" classname="RestAssured.Post_Message_Slack"/>
</testsuite> <!-- RestAssured.Post_Message_Slack -->
