<?xml version="1.0" encoding="UTF-8"?>
<!-- Generated by org.testng.reporters.JUnitReportReporter -->
<testsuite skipped="0" hostname="LM-MAA-22004648" name="RestAssured.jsonPathTest" tests="1" failures="0" timestamp="31 Aug 2018 11:08:33 GMT" time="2.243" errors="0">
  <testcase name="JsonPathUsage" time="2.243" classname="RestAssured.jsonPathTest"/>
</testsuite> <!-- RestAssured.jsonPathTest -->
