<?xml version="1.0" encoding="UTF-8"?>
<!-- Generated by org.testng.reporters.JUnitReportReporter -->
<testsuite skipped="0" hostname="LM-MAA-22004648" name="RestAssured.readJSON" tests="1" failures="0" timestamp="04 Sep 2018 09:35:55 GMT" time="4.235" errors="0">
  <testcase name="readAPI" time="4.235" classname="RestAssured.readJSON"/>
</testsuite> <!-- RestAssured.readJSON -->
