<?xml version="1.0" encoding="UTF-8"?>
<!-- Generated by org.testng.reporters.JUnitReportReporter -->
<testsuite skipped="0" hostname="LM-MAA-22004648" name="RestAssuredTesting.Get_Issues_Jira" tests="1" failures="0" timestamp="25 Jul 2018 09:59:14 GMT" time="3.316" errors="0">
  <testcase name="getIssueData" time="3.316" classname="RestAssuredTesting.Get_Issues_Jira"/>
</testsuite> <!-- RestAssuredTesting.Get_Issues_Jira -->
