<?xml version="1.0" encoding="UTF-8"?>
<!-- Generated by org.testng.reporters.JUnitReportReporter -->
<testsuite skipped="0" hostname="LM-MAA-22004648" name="RestAssuredTesting.Add_Attachement_Jira" tests="1" failures="0" timestamp="23 Jul 2018 17:15:42 GMT" time="17.755" errors="0">
  <testcase name="Add_attachmentTo_issue" time="17.755" classname="RestAssuredTesting.Add_Attachement_Jira"/>
</testsuite> <!-- RestAssuredTesting.Add_Attachement_Jira -->
