<?xml version="1.0" encoding="UTF-8"?>
<!-- Generated by org.testng.reporters.JUnitReportReporter -->
<testsuite skipped="0" hostname="LM-MAA-22004648" name="RestAssured.RestAssured.ChangeRequest" tests="1" failures="0" timestamp="19 Jul 2018 12:02:59 GMT" time="4.888" errors="0">
  <testcase name="test1" time="4.888" classname="RestAssured.RestAssured.ChangeRequest"/>
</testsuite> <!-- RestAssured.RestAssured.ChangeRequest -->
