<?xml version="1.0" encoding="UTF-8"?>
<!-- Generated by org.testng.reporters.JUnitReportReporter -->
<testsuite skipped="0" hostname="LM-MAA-22004648" name="RestAssured.Create_Issue_Jira" tests="1" failures="0" timestamp="20 Aug 2018 06:55:06 GMT" time="6.250" errors="0">
  <testcase name="createIssue" time="6.250" classname="RestAssured.Create_Issue_Jira"/>
</testsuite> <!-- RestAssured.Create_Issue_Jira -->
