<?xml version="1.0" encoding="UTF-8"?>
<!-- Generated by org.testng.reporters.JUnitReportReporter -->
<testsuite skipped="0" hostname="LM-MAA-22004648" name="RestAssured.RestAssured.Add_Attachement_Jira" tests="1" failures="0" timestamp="20 Jul 2018 13:48:56 GMT" time="6.307" errors="0">
  <testcase name="Add_attachmentTo_issue" time="6.307" classname="RestAssured.RestAssured.Add_Attachement_Jira"/>
</testsuite> <!-- RestAssured.RestAssured.Add_Attachement_Jira -->
