<?xml version="1.0" encoding="UTF-8"?>
<!-- Generated by org.testng.reporters.JUnitReportReporter -->
<testsuite skipped="0" hostname="LM-MAA-22004648" name="RestAssured.RestAssured.Create_Issue_Jira" tests="1" failures="0" timestamp="20 Jul 2018 13:50:44 GMT" time="4.168" errors="0">
  <testcase name="createIssue" time="4.168" classname="RestAssured.RestAssured.Create_Issue_Jira"/>
</testsuite> <!-- RestAssured.RestAssured.Create_Issue_Jira -->
