<?xml version="1.0" encoding="UTF-8"?>
<!-- Generated by org.testng.reporters.JUnitReportReporter -->
<testsuite skipped="0" hostname="LM-MAA-22004648" name="RestAssuredTesting.stacktest" tests="1" failures="0" timestamp="26 Jul 2018 09:38:24 GMT" time="0.012" errors="0">
  <testcase name="teststackquestion" time="0.012" classname="RestAssuredTesting.stacktest"/>
</testsuite> <!-- RestAssuredTesting.stacktest -->
