<?xml version="1.0" encoding="UTF-8"?>
<!-- Generated by org.testng.reporters.JUnitReportReporter -->
<testsuite skipped="0" hostname="LM-MAA-22004648" name="RestAssured.tmis_api_testing" tests="1" failures="0" timestamp="28 Aug 2018 07:29:42 GMT" time="5.562" errors="0">
  <testcase name="readAPI" time="5.562" classname="RestAssured.tmis_api_testing"/>
</testsuite> <!-- RestAssured.tmis_api_testing -->
