<?xml version="1.0" encoding="UTF-8"?>
<!-- Generated by org.testng.reporters.JUnitReportReporter -->
<testsuite skipped="0" hostname="LM-MAA-22004648" name="RestAssured.RestAssured.Delete_Issue_Jira" tests="1" failures="0" timestamp="20 Jul 2018 07:50:37 GMT" time="4.883" errors="0">
  <testcase name="deleteIssue" time="4.883" classname="RestAssured.RestAssured.Delete_Issue_Jira"/>
</testsuite> <!-- RestAssured.RestAssured.Delete_Issue_Jira -->
