<?xml version="1.0" encoding="UTF-8"?>
<!-- Generated by org.testng.reporters.JUnitReportReporter -->
<testsuite skipped="0" hostname="LM-MAA-22004648" name="RestAssured.RestAssured.Get_Issues_Jira" tests="1" failures="0" timestamp="20 Jul 2018 14:05:43 GMT" time="4.691" errors="0">
  <testcase name="getIssueData" time="4.691" classname="RestAssured.RestAssured.Get_Issues_Jira"/>
</testsuite> <!-- RestAssured.RestAssured.Get_Issues_Jira -->
