<?xml version="1.0" encoding="UTF-8"?>
<!-- Generated by org.testng.reporters.JUnitReportReporter -->
<testsuite skipped="0" hostname="LM-MAA-22004648" name="RestAssuredTesting.Post_Message_Slack" tests="1" failures="0" timestamp="25 Jul 2018 09:57:12 GMT" time="1.773" errors="0">
  <testcase name="sendMessage" time="1.773" classname="RestAssuredTesting.Post_Message_Slack"/>
</testsuite> <!-- RestAssuredTesting.Post_Message_Slack -->
