<?xml version="1.0" encoding="UTF-8"?>
<!-- Generated by org.testng.reporters.JUnitReportReporter -->
<testsuite skipped="0" hostname="LM-MAA-22004648" name="RestAssuredandJavaBasics.Get_Issues_Jira" tests="1" failures="0" timestamp="26 Jul 2018 09:39:08 GMT" time="5.061" errors="0">
  <testcase name="getIssueData" time="5.061" classname="RestAssuredandJavaBasics.Get_Issues_Jira"/>
</testsuite> <!-- RestAssuredandJavaBasics.Get_Issues_Jira -->
