<?xml version="1.0" encoding="UTF-8"?>
<!-- Generated by org.testng.reporters.JUnitReportReporter -->
<testsuite skipped="0" hostname="LM-MAA-22004648" name="RestAssured.RestAssured.Modify_Issue_Jira" tests="1" failures="0" timestamp="20 Jul 2018 07:58:46 GMT" time="2.959" errors="0">
  <testcase name="modifyIssue" time="2.959" classname="RestAssured.RestAssured.Modify_Issue_Jira"/>
</testsuite> <!-- RestAssured.RestAssured.Modify_Issue_Jira -->
