<?xml version="1.0" encoding="UTF-8"?>
<!-- Generated by org.testng.reporters.JUnitReportReporter -->
<testsuite skipped="0" hostname="LM-MAA-22004648" name="RestAssuredTesting.Create_Issue_Jira" tests="1" failures="0" timestamp="23 Jul 2018 17:15:42 GMT" time="16.857" errors="0">
  <testcase name="createIssue" time="16.857" classname="RestAssuredTesting.Create_Issue_Jira"/>
</testsuite> <!-- RestAssuredTesting.Create_Issue_Jira -->
