<?xml version="1.0" encoding="UTF-8"?>
<!-- Generated by org.testng.reporters.JUnitReportReporter -->
<testsuite skipped="0" hostname="LM-MAA-22004648" name="RestAssured.Add_Attachement_Jira" tests="1" failures="0" timestamp="29 Jul 2018 17:01:11 GMT" time="2.349" errors="0">
  <testcase name="Add_attachmentTo_issue" time="2.349" classname="RestAssured.Add_Attachement_Jira"/>
</testsuite> <!-- RestAssured.Add_Attachement_Jira -->
