<?xml version="1.0" encoding="UTF-8"?>
<!-- Generated by org.testng.reporters.JUnitReportReporter -->
<testsuite skipped="0" hostname="LM-MAA-22004648" name="RestAssuredTesting.dataProvidertest" tests="4" failures="0" timestamp="21 Jul 2018 10:18:00 GMT" time="0.010" errors="0">
  <testcase name="f" time="0.007" classname="RestAssuredTesting.dataProvidertest"/>
  <testcase name="f" time="0.001" classname="RestAssuredTesting.dataProvidertest"/>
  <testcase name="f" time="0.001" classname="RestAssuredTesting.dataProvidertest"/>
  <testcase name="f" time="0.001" classname="RestAssuredTesting.dataProvidertest"/>
</testsuite> <!-- RestAssuredTesting.dataProvidertest -->
