<?xml version="1.0" encoding="UTF-8"?>
<!-- Generated by org.testng.reporters.JUnitReportReporter -->
<testsuite skipped="0" hostname="LM-MAA-22004648" name="RestAssured.RestAssured.PostRequest" tests="3" failures="0" timestamp="19 Jul 2018 12:13:31 GMT" time="12.009" errors="0">
  <testcase name="test1" time="5.145" classname="RestAssured.RestAssured.PostRequest"/>
  <testcase name="test1" time="3.275" classname="RestAssured.RestAssured.PostRequest"/>
  <testcase name="test1" time="3.589" classname="RestAssured.RestAssured.PostRequest"/>
</testsuite> <!-- RestAssured.RestAssured.PostRequest -->
